<?xml version="1.0" encoding="UTF-8"?>
<robot generator="Robot 5.0.1 (Python 3.10.5 on win32)" generated="20220702 19:51:58.009" rpa="false" schemaversion="3">
<suite id="s1" name="Register" source="F:\Dojobox\Demo\WebAutomationTesting\suites\register.robot">
<test id="s1-t1" name="User Should Be Able To See Register." line="10">
<kw name="Open Chrome Browser" library="Base" type="SETUP">
<doc>Keyword to open browser with chrome</doc>
<kw name="Open Browser" library="SeleniumLibrary">
<arg>browser=headlesschrome</arg>
<arg>url=${HOMEPAGE_URL}</arg>
<doc>Opens a new browser instance to the optional ``url``.</doc>
<msg timestamp="20220702 19:51:58.355" level="INFO">Opening browser 'headlesschrome' to base url 'http://automationpractice.com/index.php'.</msg>
<status status="PASS" starttime="20220702 19:51:58.355" endtime="20220702 19:52:05.732"/>
</kw>
<status status="PASS" starttime="20220702 19:51:58.353" endtime="20220702 19:52:05.732"/>
</kw>
<kw name="Navigate To Register" library="Register">
<doc>Keyword to Navigate user to Register</doc>
<kw name="Go To" library="SeleniumLibrary">
<arg>${REGISTER_URL}</arg>
<doc>Navigates the current browser window to the provided ``url``.</doc>
<msg timestamp="20220702 19:52:05.734" level="INFO">Opening url 'http://automationpractice.com/index.php?controller=authentication&amp;back=my-account'</msg>
<status status="PASS" starttime="20220702 19:52:05.734" endtime="20220702 19:52:07.006"/>
</kw>
<kw name="Maximize Browser Window" library="SeleniumLibrary">
<doc>Maximizes current browser window.</doc>
<status status="PASS" starttime="20220702 19:52:07.006" endtime="20220702 19:52:07.123"/>
</kw>
<status status="PASS" starttime="20220702 19:52:05.733" endtime="20220702 19:52:07.124"/>
</kw>
<kw name="I Create an Account to Register Form" library="Register">
<arg>user_email=${emailBaru}</arg>
<doc>I Create an Account to Register Form</doc>
<kw name="Input Text" library="SeleniumLibrary">
<arg>${emailcreate_form}</arg>
<arg>${user_email}</arg>
<doc>Types the given ``text`` into the text field identified by ``locator``.</doc>
<msg timestamp="20220702 19:52:07.126" level="INFO">Typing text 'membuatakunbaru98@gmail.com' into text field '//*[@id="email_create"]'.</msg>
<status status="PASS" starttime="20220702 19:52:07.125" endtime="20220702 19:52:07.268"/>
</kw>
<kw name="Click Element" library="SeleniumLibrary">
<arg>${submitcreate_button}</arg>
<doc>Click the element identified by ``locator``.</doc>
<msg timestamp="20220702 19:52:07.269" level="INFO">Clicking element '//*[@class="btn btn-default button button-medium exclusive"]'.</msg>
<status status="PASS" starttime="20220702 19:52:07.268" endtime="20220702 19:52:07.335"/>
</kw>
<status status="PASS" starttime="20220702 19:52:07.124" endtime="20220702 19:52:07.336"/>
</kw>
<kw name="I Click Radio Button Title" library="Register">
<doc>I Click Radio Button Title</doc>
<kw name="Wait Until Element Is Visible" library="SeleniumLibrary">
<arg>${id_gender}</arg>
<arg>8s</arg>
<doc>Waits until the element ``locator`` is visible.</doc>
<status status="PASS" starttime="20220702 19:52:07.337" endtime="20220702 19:52:09.723"/>
</kw>
<kw name="Click Element" library="SeleniumLibrary">
<arg>${id_gender}</arg>
<doc>Click the element identified by ``locator``.</doc>
<msg timestamp="20220702 19:52:09.723" level="INFO">Clicking element '//*[@id="uniform-id_gender1"]'.</msg>
<status status="PASS" starttime="20220702 19:52:09.723" endtime="20220702 19:52:09.774"/>
</kw>
<status status="PASS" starttime="20220702 19:52:07.337" endtime="20220702 19:52:09.774"/>
</kw>
<kw name="I am Typing First Name in the Field Register Form" library="Register">
<arg>First_Name=${firstname_baru}</arg>
<doc>I am Typing First Name in the Field Register Form</doc>
<kw name="Input Text" library="SeleniumLibrary">
<arg>${firstName_}</arg>
<arg>${First_Name}</arg>
<doc>Types the given ``text`` into the text field identified by ``locator``.</doc>
<msg timestamp="20220702 19:52:09.775" level="INFO">Typing text 'berbuatlah baik 1' into text field 'berbuatlah baik 1'.</msg>
<msg timestamp="20220702 19:52:09.902" level="INFO" html="true">&lt;/td&gt;&lt;/tr&gt;&lt;tr&gt;&lt;td colspan="3"&gt;&lt;a href="selenium-screenshot-287.png"&gt;&lt;img src="selenium-screenshot-287.png" width="800px"&gt;&lt;/a&gt;</msg>
<msg timestamp="20220702 19:52:09.903" level="FAIL">Element with locator 'berbuatlah baik 1' not found.</msg>
<status status="FAIL" starttime="20220702 19:52:09.775" endtime="20220702 19:52:09.905"/>
</kw>
<status status="FAIL" starttime="20220702 19:52:09.774" endtime="20220702 19:52:09.906"/>
</kw>
<kw name="I am Typing Last Name in the Field Register Form" library="Register">
<arg>Last_Name=${lastname_baru}</arg>
<doc>I am Typing Last Name in the Field Register Form</doc>
<status status="NOT RUN" starttime="20220702 19:52:09.907" endtime="20220702 19:52:09.908"/>
</kw>
<kw name="I am Typing Email in the Field Register Form" library="Register">
<arg>user_email=${emailBaru}</arg>
<doc>I am Typing Email in the Field Register Form</doc>
<status status="NOT RUN" starttime="20220702 19:52:09.908" endtime="20220702 19:52:09.908"/>
</kw>
<kw name="I am Typing Password in the Field Register Form" library="Register">
<arg>user_password=${passwordBaru}</arg>
<doc>I am Typing Password in the Field Register Form</doc>
<status status="NOT RUN" starttime="20220702 19:52:09.909" endtime="20220702 19:52:09.909"/>
</kw>
<kw name="I am Select Date of Birth Dropdown" library="Register">
<doc>I am Select Days on Date of Birth Dropdown</doc>
<status status="NOT RUN" starttime="20220702 19:52:09.910" endtime="20220702 19:52:09.910"/>
</kw>
<kw name="I am Select checkbox of Sign up for our newsletter!" library="Register">
<doc>I am Select checkbox of Sign up for our newsletter!</doc>
<status status="NOT RUN" starttime="20220702 19:52:09.910" endtime="20220702 19:52:09.911"/>
</kw>
<kw name="I am Select checkbox of Receive special offers from our partners!" library="Register">
<doc>I am Select checkbox of Receive special offers from our partners!</doc>
<status status="NOT RUN" starttime="20220702 19:52:09.911" endtime="20220702 19:52:09.911"/>
</kw>
<kw name="I am Typing Company in the Field Register Form" library="Register">
<arg>company_name=${company_name1}</arg>
<doc>I am Typing Company in the Field Register Form</doc>
<status status="NOT RUN" starttime="20220702 19:52:09.912" endtime="20220702 19:52:09.912"/>
</kw>
<kw name="I am Typing Address in the Field Register Form" library="Register">
<arg>address_name=${address1}</arg>
<doc>I am Typing Address in the Field Register Form</doc>
<status status="NOT RUN" starttime="20220702 19:52:09.913" endtime="20220702 19:52:09.913"/>
</kw>
<kw name="I am Typing Address - Line 2 in the Field Register Form" library="Register">
<arg>address_name=${address2}</arg>
<doc>I am Typing Address - Line 2 in the Field Register Form</doc>
<status status="NOT RUN" starttime="20220702 19:52:09.913" endtime="20220702 19:52:09.914"/>
</kw>
<kw name="I am Typing City in the Field Register Form" library="Register">
<arg>city_name=${city_name1}</arg>
<doc>I am Typing City in the Field Register Form</doc>
<status status="NOT RUN" starttime="20220702 19:52:09.914" endtime="20220702 19:52:09.915"/>
</kw>
<kw name="I am Select State in the Field Register Form" library="Register">
<doc>I am Select State in the Field Register Form</doc>
<status status="NOT RUN" starttime="20220702 19:52:09.915" endtime="20220702 19:52:09.915"/>
</kw>
<kw name="I am Typing Zip/Postal Code in the Field Register Form" library="Register">
<arg>postal=${postal1}</arg>
<doc>I am Typing Zip/Postal Code in the Field Register Form</doc>
<status status="NOT RUN" starttime="20220702 19:52:09.916" endtime="20220702 19:52:09.916"/>
</kw>
<kw name="I am Select Country in the Field Register Form" library="Register">
<doc>I am Select State in the Field Register Form</doc>
<status status="NOT RUN" starttime="20220702 19:52:09.916" endtime="20220702 19:52:09.917"/>
</kw>
<kw name="I am Typing Additional information in the Field Register Form" library="Register">
<arg>other_message=${other_message1}</arg>
<doc>I am Typing Zip/Postal Code in the Field Register Form</doc>
<status status="NOT RUN" starttime="20220702 19:52:09.917" endtime="20220702 19:52:09.917"/>
</kw>
<kw name="I am Typing Home phone in the Field Register Form" library="Register">
<arg>home_phone=${home_phone1}</arg>
<doc>I am Typing Home phone in the Field Register Form</doc>
<status status="NOT RUN" starttime="20220702 19:52:09.917" endtime="20220702 19:52:09.917"/>
</kw>
<kw name="I am Typing Mobile Number in the Field Register Form" library="Register">
<arg>mobile_phone=${mobile_phone1}</arg>
<doc>I am Typing Mobile phone in the Field Register Form</doc>
<status status="NOT RUN" starttime="20220702 19:52:09.918" endtime="20220702 19:52:09.918"/>
</kw>
<kw name="I am Typing Assign an address alias for future reference in the Field Register Form" library="Register">
<arg>alias=${alias1}</arg>
<doc>I am Typing Assign an address alias for future reference in the Field Register Form</doc>
<status status="NOT RUN" starttime="20220702 19:52:09.918" endtime="20220702 19:52:09.918"/>
</kw>
<kw name="I Click Button Register to Submit Account" library="Register">
<doc>I Click Button Register to Submit Account</doc>
<status status="NOT RUN" starttime="20220702 19:52:09.919" endtime="20220702 19:52:09.919"/>
</kw>
<kw name="Close Browser" library="SeleniumLibrary" type="TEARDOWN">
<doc>Closes the current browser.</doc>
<status status="PASS" starttime="20220702 19:52:09.921" endtime="20220702 19:52:12.022"/>
</kw>
<doc>Test to verify that user should be able to see Register</doc>
<status status="FAIL" starttime="20220702 19:51:58.351" endtime="20220702 19:52:12.022">Element with locator 'berbuatlah baik 1' not found.</status>
</test>
<doc>Register test cases</doc>
<status status="FAIL" starttime="20220702 19:51:58.009" endtime="20220702 19:52:12.026"/>
</suite>
<statistics>
<total>
<stat pass="0" fail="1" skip="0">All Tests</stat>
</total>
<tag>
</tag>
<suite>
<stat pass="0" fail="1" skip="0" id="s1" name="Register">Register</stat>
</suite>
</statistics>
<errors>
</errors>
</robot>
