<?xml version="1.0" encoding="UTF-8"?>
<robot generator="Robot 5.0.1 (Python 3.10.5 on win32)" generated="20220629 23:12:14.768" rpa="false" schemaversion="3">
<suite id="s1" name="Order" source="F:\Dojobox\Demo\WebAutomationTesting\suites\order.robot">
<test id="s1-t1" name="User Should Be Able To See Order." line="10">
<kw name="Open Chrome Browser" library="Base" type="SETUP">
<doc>Keyword to open browser with chrome</doc>
<kw name="Open Browser" library="SeleniumLibrary">
<arg>browser=chrome</arg>
<arg>url=${HOMEPAGE_URL}</arg>
<doc>Opens a new browser instance to the optional ``url``.</doc>
<msg timestamp="20220629 23:12:15.148" level="INFO">Opening browser 'chrome' to base url 'http://automationpractice.com/index.php'.</msg>
<status status="PASS" starttime="20220629 23:12:15.147" endtime="20220629 23:12:24.678"/>
</kw>
<status status="PASS" starttime="20220629 23:12:15.138" endtime="20220629 23:12:24.679"/>
</kw>
<kw name="Navigate To Order" library="Order">
<doc>Keyword to Navigate user to Register</doc>
<kw name="Go To" library="SeleniumLibrary">
<arg>${ORDER_URL}</arg>
<doc>Navigates the current browser window to the provided ``url``.</doc>
<msg timestamp="20220629 23:12:24.681" level="INFO">Opening url 'http://automationpractice.com/index.php?controller=order'</msg>
<status status="PASS" starttime="20220629 23:12:24.680" endtime="20220629 23:12:28.911"/>
</kw>
<kw name="Maximize Browser Window" library="SeleniumLibrary">
<doc>Maximizes current browser window.</doc>
<status status="PASS" starttime="20220629 23:12:28.911" endtime="20220629 23:12:29.032"/>
</kw>
<status status="PASS" starttime="20220629 23:12:24.679" endtime="20220629 23:12:29.032"/>
</kw>
<kw name="User has successfully logged in" library="Order">
<doc>Keyword to User has successfully logged in</doc>
<kw name="Click Element" library="SeleniumLibrary">
<arg>${click_signin}</arg>
<doc>Click the element identified by ``locator``.</doc>
<msg timestamp="20220629 23:12:29.042" level="INFO">Clicking element '//*[@class="login"]'.</msg>
<status status="PASS" starttime="20220629 23:12:29.041" endtime="20220629 23:12:44.339"/>
</kw>
<status status="PASS" starttime="20220629 23:12:29.032" endtime="20220629 23:12:44.340"/>
</kw>
<kw name="I am Input Email to Sign in" library="Order">
<arg>nama_email=${email_address}</arg>
<msg timestamp="20220629 23:12:44.359" level="FAIL">Keyword with same name defined multiple times.</msg>
<status status="FAIL" starttime="20220629 23:12:44.359" endtime="20220629 23:12:44.359"/>
</kw>
<kw name="I am Input Password Email" library="Order">
<arg>passwordEmail=${password_email}</arg>
<status status="NOT RUN" starttime="20220629 23:12:44.365" endtime="20220629 23:12:44.365"/>
</kw>
<kw name="I am Click Sign In Button" library="Order">
<status status="NOT RUN" starttime="20220629 23:12:44.368" endtime="20220629 23:12:44.368"/>
</kw>
<kw name="I can input in search field" library="Order">
<arg>search_item=${item_search}</arg>
<doc>I can input in search field</doc>
<status status="NOT RUN" starttime="20220629 23:12:44.369" endtime="20220629 23:12:44.369"/>
</kw>
<kw name="I can click search icon" library="Order">
<doc>I can click search icon</doc>
<status status="NOT RUN" starttime="20220629 23:12:44.370" endtime="20220629 23:12:44.371"/>
</kw>
<kw name="I Click Button Add Cart to Order Printed Dress" library="Order">
<doc>I Click Button Add Cart to Order Printed Dress</doc>
<status status="NOT RUN" starttime="20220629 23:12:44.372" endtime="20220629 23:12:44.372"/>
</kw>
<kw name="I am Continue Proceed to Checkout Order" library="Order">
<doc>I am Continue Proceed to Checkout Order</doc>
<status status="NOT RUN" starttime="20220629 23:12:44.377" endtime="20220629 23:12:44.377"/>
</kw>
<kw name="I am Proceed to Checkout Order from Cart Summary" library="Order">
<doc>I am Proceed to Checkout Order from Cart Summary</doc>
<status status="NOT RUN" starttime="20220629 23:12:44.404" endtime="20220629 23:12:44.404"/>
</kw>
<kw name="I am Select Delivery Address" library="Order">
<doc>I am Select Delivery Address</doc>
<status status="NOT RUN" starttime="20220629 23:12:44.408" endtime="20220629 23:12:44.408"/>
</kw>
<kw name="I Choose a Shipping Option" library="Order">
<doc>I Choose a Shipping Option</doc>
<status status="NOT RUN" starttime="20220629 23:12:44.424" endtime="20220629 23:12:44.424"/>
</kw>
<kw name="I Choose Payment Method" library="Order">
<doc>I Choose Payment Method</doc>
<status status="NOT RUN" starttime="20220629 23:12:44.440" endtime="20220629 23:12:44.440"/>
</kw>
<kw name="I Confirm My Order" library="Order">
<doc>I Confirm My Order</doc>
<status status="NOT RUN" starttime="20220629 23:12:44.471" endtime="20220629 23:12:44.471"/>
</kw>
<kw name="Close Browser" library="SeleniumLibrary" type="TEARDOWN">
<doc>Closes the current browser.</doc>
<status status="PASS" starttime="20220629 23:12:44.473" endtime="20220629 23:12:46.831"/>
</kw>
<status status="FAIL" starttime="20220629 23:12:15.135" endtime="20220629 23:12:46.850">Keyword with same name defined multiple times.</status>
</test>
<doc>Order test cases</doc>
<status status="FAIL" starttime="20220629 23:12:14.768" endtime="20220629 23:12:46.854"/>
</suite>
<statistics>
<total>
<stat pass="0" fail="1" skip="0">All Tests</stat>
</total>
<tag>
</tag>
<suite>
<stat pass="0" fail="1" skip="0" id="s1" name="Order">Order</stat>
</suite>
</statistics>
<errors>
<msg timestamp="20220629 23:12:15.110" level="ERROR">Error in file 'F:\Dojobox\Demo\WebAutomationTesting\pageObjects\OrderPage\Order.robot' on line 64: Creating keyword 'I am Input Email to Sign in' failed: Keyword with same name defined multiple times.</msg>
<msg timestamp="20220629 23:12:15.112" level="ERROR">Error in file 'F:\Dojobox\Demo\WebAutomationTesting\pageObjects\OrderPage\Order.robot' on line 69: Creating keyword 'I am Input Password Email' failed: Keyword with same name defined multiple times.</msg>
<msg timestamp="20220629 23:12:15.114" level="ERROR">Error in file 'F:\Dojobox\Demo\WebAutomationTesting\pageObjects\OrderPage\Order.robot' on line 73: Creating keyword 'I am Click Sign In Button' failed: Keyword with same name defined multiple times.</msg>
</errors>
</robot>
