<?xml version="1.0" encoding="UTF-8"?>
<robot generator="Robot 5.0.1 (Python 3.10.5 on win32)" generated="20220629 15:48:23.569" rpa="false" schemaversion="3">
<suite id="s1" name="Login" source="F:\Dojobox\Demo\WebAutomationTesting\suites\login.robot">
<test id="s1-t1" name="User Should Be Able To See Login." line="7">
<kw name="Open Browser Chrome" library="Login" type="SETUP">
<kw name="Open Browser" library="SeleniumLibrary">
<arg>browser=chrome</arg>
<arg>url=${HOMEPAGE_URL}</arg>
<doc>Opens a new browser instance to the optional ``url``.</doc>
<msg timestamp="20220629 15:48:23.943" level="INFO">Opening browser 'chrome' to base url 'http://automationpractice.com/index.php'.</msg>
<status status="PASS" starttime="20220629 15:48:23.942" endtime="20220629 15:48:34.358"/>
</kw>
<kw name="Maximize Browser Window" library="SeleniumLibrary">
<doc>Maximizes current browser window.</doc>
<status status="PASS" starttime="20220629 15:48:34.358" endtime="20220629 15:48:34.487"/>
</kw>
<status status="PASS" starttime="20220629 15:48:23.941" endtime="20220629 15:48:34.489"/>
</kw>
<kw name="I Click Button Sign In to Login" library="Login">
<doc>I Click Button Sign In to Login</doc>
<kw name="Click Element" library="SeleniumLibrary">
<arg>${signin_button}</arg>
<doc>Click the element identified by ``locator``.</doc>
<msg timestamp="20220629 15:48:34.495" level="INFO">Clicking element '//*[@class="login"]'.</msg>
<status status="PASS" starttime="20220629 15:48:34.494" endtime="20220629 15:48:38.652"/>
</kw>
<status status="PASS" starttime="20220629 15:48:34.492" endtime="20220629 15:48:38.653"/>
</kw>
<kw name="I am Typing Email address in the Field Signin Form" library="Login">
<doc>I am Typing Email address in the Field Signin Form</doc>
<kw name="Input Text" library="SeleniumLibrary">
<arg>${id_email}</arg>
<arg>${email}</arg>
<doc>Types the given ``text`` into the text field identified by ``locator``.</doc>
<msg timestamp="20220629 15:48:38.654" level="INFO">Typing text 'membuatakunbaru@gmail.com' into text field '//*[@id="email"]'.</msg>
<status status="PASS" starttime="20220629 15:48:38.654" endtime="20220629 15:48:38.859"/>
</kw>
<status status="PASS" starttime="20220629 15:48:38.653" endtime="20220629 15:48:38.860"/>
</kw>
<kw name="I am Typing Password address in the Field Signin Form" library="Login">
<doc>I am Typing Email address in the Field Signin Form</doc>
<kw name="Input Text" library="SeleniumLibrary">
<arg>${id_password}</arg>
<arg>${password}</arg>
<doc>Types the given ``text`` into the text field identified by ``locator``.</doc>
<msg timestamp="20220629 15:48:38.862" level="INFO">Typing text 'inipassword' into text field '//*[@id="passwd"]'.</msg>
<status status="PASS" starttime="20220629 15:48:38.861" endtime="20220629 15:48:39.044"/>
</kw>
<status status="PASS" starttime="20220629 15:48:38.860" endtime="20220629 15:48:39.044"/>
</kw>
<kw name="I Click Button Login" library="Login">
<doc>I Click Button Login</doc>
<kw name="Click Element" library="SeleniumLibrary">
<arg>${id_submitLogin}</arg>
<doc>Click the element identified by ``locator``.</doc>
<msg timestamp="20220629 15:48:39.046" level="INFO">Clicking element '//*[@id="SubmitLogin"]'.</msg>
<status status="PASS" starttime="20220629 15:48:39.046" endtime="20220629 15:48:53.608"/>
</kw>
<kw name="Element Should Be Visible" library="SeleniumLibrary">
<arg>${info_akun}</arg>
<doc>Verifies that the element identified by ``locator`` is visible.</doc>
<msg timestamp="20220629 15:48:53.646" level="INFO">Element '//*[@class="info-account"]' is displayed.</msg>
<status status="PASS" starttime="20220629 15:48:53.608" endtime="20220629 15:48:53.646"/>
</kw>
<status status="PASS" starttime="20220629 15:48:39.045" endtime="20220629 15:48:53.647"/>
</kw>
<kw name="Close Browser" library="SeleniumLibrary" type="TEARDOWN">
<doc>Closes the current browser.</doc>
<status status="PASS" starttime="20220629 15:48:53.648" endtime="20220629 15:48:56.347"/>
</kw>
<doc>Test to verify that user should be able to see Login</doc>
<status status="PASS" starttime="20220629 15:48:23.940" endtime="20220629 15:48:56.347"/>
</test>
<doc>Login test cases</doc>
<status status="PASS" starttime="20220629 15:48:23.571" endtime="20220629 15:48:56.350"/>
</suite>
<statistics>
<total>
<stat pass="1" fail="0" skip="0">All Tests</stat>
</total>
<tag>
</tag>
<suite>
<stat pass="1" fail="0" skip="0" id="s1" name="Login">Login</stat>
</suite>
</statistics>
<errors>
</errors>
</robot>
