<?xml version="1.0" encoding="UTF-8"?>
<robot generator="Robot 5.0.1 (Python 3.10.5 on win32)" generated="20220626 15:35:36.302" rpa="false" schemaversion="3">
<suite id="s1" name="Contactus" source="F:\Dojobox\Demo\WebAutomationTesting\suites\contactus.robot">
<test id="s1-t1" name="User Should Be Able To See Contact Us." line="7">
<kw name="Open Browser Chrome" library="ContactUs" type="SETUP">
<kw name="Open Browser" library="SeleniumLibrary">
<arg>browser=chrome</arg>
<arg>url=${HOMEPAGE_URL}</arg>
<doc>Opens a new browser instance to the optional ``url``.</doc>
<msg timestamp="20220626 15:35:36.931" level="INFO">Opening browser 'chrome' to base url 'http://automationpractice.com/index.php'.</msg>
<status status="PASS" starttime="20220626 15:35:36.931" endtime="20220626 15:35:45.387"/>
</kw>
<status status="PASS" starttime="20220626 15:35:36.930" endtime="20220626 15:35:45.387"/>
</kw>
<kw name="Click Button Contact Us Menu" library="ContactUs">
<doc>Click Button Contact Us Menu</doc>
<kw name="Click Element" library="SeleniumLibrary">
<arg>${contactus_button}</arg>
<doc>Click the element identified by ``locator``.</doc>
<msg timestamp="20220626 15:35:45.391" level="INFO">Clicking element '//*[@title="Contact Us"]'.</msg>
<status status="PASS" starttime="20220626 15:35:45.389" endtime="20220626 15:35:47.856"/>
</kw>
<status status="PASS" starttime="20220626 15:35:45.388" endtime="20220626 15:35:47.856"/>
</kw>
<kw name="Choose Subject Heading Contact" library="ContactUs">
<doc>Choose Subject Heading Contact</doc>
<kw name="Select From List By Index" library="SeleniumLibrary">
<arg>${id_contact}</arg>
<arg>2</arg>
<doc>Selects options from selection list ``locator`` by ``indexes``.</doc>
<msg timestamp="20220626 15:35:47.859" level="INFO">Selecting options from selection list '//*[@id="id_contact"]' by index 2.</msg>
<status status="PASS" starttime="20220626 15:35:47.858" endtime="20220626 15:35:47.997"/>
</kw>
<status status="PASS" starttime="20220626 15:35:47.857" endtime="20220626 15:35:47.998"/>
</kw>
<kw name="Input Email Address Form" library="ContactUs">
<doc>Input Email Address Form</doc>
<kw name="Input Text" library="SeleniumLibrary">
<arg>${id_email}</arg>
<arg>membuatakunbaru@gmail.com</arg>
<doc>Types the given ``text`` into the text field identified by ``locator``.</doc>
<msg timestamp="20220626 15:35:48.001" level="INFO">Typing text 'membuatakunbaru@gmail.com' into text field '//*[@id="email"]'.</msg>
<status status="PASS" starttime="20220626 15:35:48.000" endtime="20220626 15:35:48.156"/>
</kw>
<status status="PASS" starttime="20220626 15:35:47.999" endtime="20220626 15:35:48.157"/>
</kw>
<kw name="Input Order Reference Form" library="ContactUs">
<doc>Input Order Reference Form</doc>
<kw name="Input Text" library="SeleniumLibrary">
<arg>${id_order}</arg>
<arg>UEYQJPPMN</arg>
<doc>Types the given ``text`` into the text field identified by ``locator``.</doc>
<msg timestamp="20220626 15:35:48.159" level="INFO">Typing text 'UEYQJPPMN' into text field '//*[@id="id_order"]'.</msg>
<status status="PASS" starttime="20220626 15:35:48.159" endtime="20220626 15:35:48.294"/>
</kw>
<status status="PASS" starttime="20220626 15:35:48.158" endtime="20220626 15:35:48.294"/>
</kw>
<kw name="Input Message" library="ContactUs">
<doc>Input Message</doc>
<kw name="Input Text" library="SeleniumLibrary">
<arg>${id_message}</arg>
<arg>terkendala pembayaran</arg>
<doc>Types the given ``text`` into the text field identified by ``locator``.</doc>
<msg timestamp="20220626 15:35:48.294" level="INFO">Typing text 'terkendala pembayaran' into text field '//*[@id="message"]'.</msg>
<status status="PASS" starttime="20220626 15:35:48.294" endtime="20220626 15:35:48.457"/>
</kw>
<status status="PASS" starttime="20220626 15:35:48.294" endtime="20220626 15:35:48.457"/>
</kw>
<kw name="Click Button Send" library="ContactUs">
<doc>Click Button Send</doc>
<kw name="Click Element" library="SeleniumLibrary">
<arg>${id_submitmsg}</arg>
<doc>Click the element identified by ``locator``.</doc>
<msg timestamp="20220626 15:35:48.460" level="INFO">Clicking element '//*[@id="submitMessage"]'.</msg>
<status status="PASS" starttime="20220626 15:35:48.459" endtime="20220626 15:35:49.838"/>
</kw>
<status status="PASS" starttime="20220626 15:35:48.458" endtime="20220626 15:35:49.838"/>
</kw>
<kw name="Close Browser" library="SeleniumLibrary" type="TEARDOWN">
<doc>Closes the current browser.</doc>
<status status="PASS" starttime="20220626 15:35:49.839" endtime="20220626 15:35:52.001"/>
</kw>
<doc>Test to verify that user should be able to see Contact Us</doc>
<status status="PASS" starttime="20220626 15:35:36.928" endtime="20220626 15:35:52.002"/>
</test>
<doc>Contact Us test cases</doc>
<status status="PASS" starttime="20220626 15:35:36.302" endtime="20220626 15:35:52.004"/>
</suite>
<statistics>
<total>
<stat pass="1" fail="0" skip="0">All Tests</stat>
</total>
<tag>
</tag>
<suite>
<stat pass="1" fail="0" skip="0" id="s1" name="Contactus">Contactus</stat>
</suite>
</statistics>
<errors>
</errors>
</robot>
