<?xml version="1.0" encoding="UTF-8"?>
<robot generator="Robot 5.0.1 (Python 3.10.5 on win32)" generated="20220630 00:38:03.049" rpa="false" schemaversion="3">
<suite id="s1" name="Order" source="F:\Dojobox\Demo\WebAutomationTesting\suites\order.robot">
<test id="s1-t1" name="User Should Be Able To Purchase Order." line="10">
<kw name="Open Chrome Browser" library="Base" type="SETUP">
<doc>Keyword to open browser with chrome</doc>
<kw name="Open Browser" library="SeleniumLibrary">
<arg>browser=chrome</arg>
<arg>url=${HOMEPAGE_URL}</arg>
<doc>Opens a new browser instance to the optional ``url``.</doc>
<msg timestamp="20220630 00:38:03.436" level="INFO">Opening browser 'chrome' to base url 'http://automationpractice.com/index.php'.</msg>
<status status="PASS" starttime="20220630 00:38:03.435" endtime="20220630 00:38:34.288"/>
</kw>
<status status="PASS" starttime="20220630 00:38:03.435" endtime="20220630 00:38:34.288"/>
</kw>
<kw name="Navigate To Order" library="Order">
<doc>Keyword to Navigate user to Register</doc>
<kw name="Go To" library="SeleniumLibrary">
<arg>${ORDER_URL}</arg>
<doc>Navigates the current browser window to the provided ``url``.</doc>
<msg timestamp="20220630 00:38:34.290" level="INFO">Opening url 'http://automationpractice.com/index.php?controller=order'</msg>
<status status="PASS" starttime="20220630 00:38:34.290" endtime="20220630 00:38:41.153"/>
</kw>
<kw name="Maximize Browser Window" library="SeleniumLibrary">
<doc>Maximizes current browser window.</doc>
<status status="PASS" starttime="20220630 00:38:41.153" endtime="20220630 00:38:41.308"/>
</kw>
<status status="PASS" starttime="20220630 00:38:34.289" endtime="20220630 00:38:41.308"/>
</kw>
<kw name="User has successfully logged in" library="Order">
<doc>Keyword to User has successfully logged in</doc>
<kw name="Click Element" library="SeleniumLibrary">
<arg>${click_signin}</arg>
<doc>Click the element identified by ``locator``.</doc>
<msg timestamp="20220630 00:38:41.310" level="INFO">Clicking element '//*[@class="login"]'.</msg>
<status status="PASS" starttime="20220630 00:38:41.309" endtime="20220630 00:38:51.419"/>
</kw>
<status status="PASS" starttime="20220630 00:38:41.309" endtime="20220630 00:38:51.420"/>
</kw>
<kw name="Input Email to Sign in" library="Order">
<arg>id_email=${email_address}</arg>
<doc>I am Input Email to Sign in</doc>
<kw name="Input Text" library="SeleniumLibrary">
<arg>${nama_email}</arg>
<arg>${id_email}</arg>
<doc>Types the given ``text`` into the text field identified by ``locator``.</doc>
<msg timestamp="20220630 00:38:51.426" level="INFO">Typing text 'membuatakunbaru@gmail.com' into text field '//*[@id="email"]'.</msg>
<status status="PASS" starttime="20220630 00:38:51.426" endtime="20220630 00:38:51.641"/>
</kw>
<status status="PASS" starttime="20220630 00:38:51.424" endtime="20220630 00:38:51.642"/>
</kw>
<kw name="Input Password Email" library="Order">
<arg>id_password=${password_email}</arg>
<doc>Keyword to Input password email</doc>
<kw name="Input Text" library="SeleniumLibrary">
<arg>${nama_password}</arg>
<arg>${id_password}</arg>
<doc>Types the given ``text`` into the text field identified by ``locator``.</doc>
<msg timestamp="20220630 00:38:51.645" level="INFO">Typing text 'inipassword' into text field '//*[@id="passwd"]'.</msg>
<status status="PASS" starttime="20220630 00:38:51.644" endtime="20220630 00:38:51.835"/>
</kw>
<status status="PASS" starttime="20220630 00:38:51.643" endtime="20220630 00:38:51.835"/>
</kw>
<kw name="Click Sign In Button" library="Order">
<doc>Keyword to click sign in button</doc>
<kw name="Click Element" library="SeleniumLibrary">
<arg>${signin_button}</arg>
<doc>Click the element identified by ``locator``.</doc>
<msg timestamp="20220630 00:38:51.838" level="INFO">Clicking element '//*[@id="SubmitLogin"]'.</msg>
<status status="PASS" starttime="20220630 00:38:51.837" endtime="20220630 00:39:01.433"/>
</kw>
<status status="PASS" starttime="20220630 00:38:51.836" endtime="20220630 00:39:01.434"/>
</kw>
<kw name="input in search field" library="Order">
<arg>search_item=${item_search}</arg>
<doc>I can input in search field</doc>
<kw name="Input Text" library="SeleniumLibrary">
<arg>${search_field}</arg>
<arg>${search_item}</arg>
<doc>Types the given ``text`` into the text field identified by ``locator``.</doc>
<msg timestamp="20220630 00:39:01.437" level="INFO">Typing text 'printed dress' into text field '//input[@id="search_query_top"]'.</msg>
<status status="PASS" starttime="20220630 00:39:01.436" endtime="20220630 00:39:01.609"/>
</kw>
<status status="PASS" starttime="20220630 00:39:01.434" endtime="20220630 00:39:01.609"/>
</kw>
<kw name="I can click search icon" library="Order">
<doc>I can click search icon</doc>
<kw name="Click Element" library="SeleniumLibrary">
<arg>${search_button}</arg>
<doc>Click the element identified by ``locator``.</doc>
<msg timestamp="20220630 00:39:01.616" level="INFO">Clicking element '//button[@name="submit_search"]'.</msg>
<status status="PASS" starttime="20220630 00:39:01.614" endtime="20220630 00:39:08.565"/>
</kw>
<status status="PASS" starttime="20220630 00:39:01.610" endtime="20220630 00:39:08.566"/>
</kw>
<kw name="I Click Button Add Cart to Order Printed Dress" library="Order">
<doc>I Click Button Add Cart to Order Printed Dress</doc>
<kw name="Click Element" library="SeleniumLibrary">
<arg>${add_cart}</arg>
<doc>Click the element identified by ``locator``.</doc>
<msg timestamp="20220630 00:39:08.568" level="INFO">Clicking element '//p[@id="add_to_cart"]'.</msg>
<msg timestamp="20220630 00:39:08.714" level="INFO" html="true">&lt;/td&gt;&lt;/tr&gt;&lt;tr&gt;&lt;td colspan="3"&gt;&lt;a href="selenium-screenshot-242.png"&gt;&lt;img src="selenium-screenshot-242.png" width="800px"&gt;&lt;/a&gt;</msg>
<msg timestamp="20220630 00:39:08.714" level="FAIL">Element with locator '//p[@id="add_to_cart"]' not found.</msg>
<status status="FAIL" starttime="20220630 00:39:08.568" endtime="20220630 00:39:08.730"/>
</kw>
<status status="FAIL" starttime="20220630 00:39:08.567" endtime="20220630 00:39:08.732"/>
</kw>
<kw name="I am Continue Proceed to Checkout Order" library="Order">
<doc>I am Continue Proceed to Checkout Order</doc>
<status status="NOT RUN" starttime="20220630 00:39:08.734" endtime="20220630 00:39:08.734"/>
</kw>
<kw name="I am Proceed to Checkout Order from Cart Summary" library="Order">
<doc>I am Proceed to Checkout Order from Cart Summary</doc>
<status status="NOT RUN" starttime="20220630 00:39:08.735" endtime="20220630 00:39:08.735"/>
</kw>
<kw name="I am Select Delivery Address" library="Order">
<doc>I am Select Delivery Address</doc>
<status status="NOT RUN" starttime="20220630 00:39:08.735" endtime="20220630 00:39:08.735"/>
</kw>
<kw name="I Choose a Shipping Option" library="Order">
<doc>I Choose a Shipping Option</doc>
<status status="NOT RUN" starttime="20220630 00:39:08.736" endtime="20220630 00:39:08.736"/>
</kw>
<kw name="I Choose Payment Method" library="Order">
<doc>I Choose Payment Method</doc>
<status status="NOT RUN" starttime="20220630 00:39:08.737" endtime="20220630 00:39:08.737"/>
</kw>
<kw name="I Confirm My Order" library="Order">
<doc>I Confirm My Order</doc>
<status status="NOT RUN" starttime="20220630 00:39:08.737" endtime="20220630 00:39:08.737"/>
</kw>
<kw name="Close Browser" library="SeleniumLibrary" type="TEARDOWN">
<doc>Closes the current browser.</doc>
<status status="PASS" starttime="20220630 00:39:08.738" endtime="20220630 00:39:11.067"/>
</kw>
<doc>Test case to user should be able to purchase order</doc>
<status status="FAIL" starttime="20220630 00:38:03.433" endtime="20220630 00:39:11.067">Element with locator '//p[@id="add_to_cart"]' not found.</status>
</test>
<doc>Order test cases</doc>
<status status="FAIL" starttime="20220630 00:38:03.052" endtime="20220630 00:39:11.072"/>
</suite>
<statistics>
<total>
<stat pass="0" fail="1" skip="0">All Tests</stat>
</total>
<tag>
</tag>
<suite>
<stat pass="0" fail="1" skip="0" id="s1" name="Order">Order</stat>
</suite>
</statistics>
<errors>
</errors>
</robot>
