<?xml version="1.0" encoding="UTF-8"?>
<robot generator="Robot 5.0.1 (Python 3.10.5 on win32)" generated="20220704 22:10:40.972" rpa="false" schemaversion="3">
<suite id="s1" name="Order" source="F:\Dojobox\Demo\WebAutomationTesting\suites\order.robot">
<test id="s1-t1" name="User Should Be Able to Purchase Order" line="11">
<kw name="Open Chrome Browser" library="Base" type="SETUP">
<doc>Keyword to open browser with chrome</doc>
<kw name="Open Browser" library="SeleniumLibrary">
<arg>browser=headlesschrome</arg>
<arg>url=${HOMEPAGE_URL}</arg>
<doc>Opens a new browser instance to the optional ``url``.</doc>
<msg timestamp="20220704 22:10:41.390" level="INFO">Opening browser 'headlesschrome' to base url 'http://automationpractice.com/index.php'.</msg>
<status status="PASS" starttime="20220704 22:10:41.389" endtime="20220704 22:10:49.963"/>
</kw>
<status status="PASS" starttime="20220704 22:10:41.389" endtime="20220704 22:10:49.963"/>
</kw>
<kw name="Navigate To Order" library="Order">
<doc>Keyword to Navigate user to Register</doc>
<kw name="Go To" library="SeleniumLibrary">
<arg>${ORDER_URL}</arg>
<doc>Navigates the current browser window to the provided ``url``.</doc>
<msg timestamp="20220704 22:10:49.965" level="INFO">Opening url 'http://automationpractice.com/index.php?controller=order'</msg>
<status status="PASS" starttime="20220704 22:10:49.964" endtime="20220704 22:10:51.718"/>
</kw>
<kw name="Maximize Browser Window" library="SeleniumLibrary">
<doc>Maximizes current browser window.</doc>
<status status="PASS" starttime="20220704 22:10:51.718" endtime="20220704 22:10:51.826"/>
</kw>
<status status="PASS" starttime="20220704 22:10:49.964" endtime="20220704 22:10:51.826"/>
</kw>
<kw name="input in search field" library="Order">
<arg>search_item=${item_search}</arg>
<doc>I can input in search field</doc>
<kw name="Input Text" library="SeleniumLibrary">
<arg>${search_field}</arg>
<arg>${search_item}</arg>
<doc>Types the given ``text`` into the text field identified by ``locator``.</doc>
<msg timestamp="20220704 22:10:51.830" level="INFO">Typing text 'printed dress' into text field '//input[@id="search_query_top"]'.</msg>
<status status="PASS" starttime="20220704 22:10:51.828" endtime="20220704 22:10:51.975"/>
</kw>
<status status="PASS" starttime="20220704 22:10:51.827" endtime="20220704 22:10:51.976"/>
</kw>
<kw name="I can click search icon" library="Order">
<doc>I can click search icon</doc>
<kw name="Click Element" library="SeleniumLibrary">
<arg>${search_button}</arg>
<doc>Click the element identified by ``locator``.</doc>
<msg timestamp="20220704 22:10:51.977" level="INFO">Clicking element '//button[@name="submit_search"]'.</msg>
<status status="PASS" starttime="20220704 22:10:51.977" endtime="20220704 22:10:54.725"/>
</kw>
<status status="PASS" starttime="20220704 22:10:51.976" endtime="20220704 22:10:54.725"/>
</kw>
<kw name="I Click Button Add Cart to Order Printed Dress" library="Order">
<doc>I Click Button Add Cart to Order Printed Dress</doc>
<kw name="Click Element" library="SeleniumLibrary">
<arg>${add_cart}</arg>
<doc>Click the element identified by ``locator``.</doc>
<msg timestamp="20220704 22:10:54.727" level="INFO">Clicking element '//*[@data-id-product="3"]'.</msg>
<status status="PASS" starttime="20220704 22:10:54.726" endtime="20220704 22:10:54.808"/>
</kw>
<status status="PASS" starttime="20220704 22:10:54.726" endtime="20220704 22:10:54.809"/>
</kw>
<kw name="I am Continue Proceed to Checkout Order" library="Order">
<doc>I am Continue Proceed to Checkout Order</doc>
<kw name="Wait Until Element Is Visible" library="SeleniumLibrary">
<arg>${proceed_button}</arg>
<doc>Waits until the element ``locator`` is visible.</doc>
<status status="PASS" starttime="20220704 22:10:54.811" endtime="20220704 22:10:56.617"/>
</kw>
<kw name="Click Element" library="SeleniumLibrary">
<arg>${proceed_button}</arg>
<doc>Click the element identified by ``locator``.</doc>
<msg timestamp="20220704 22:10:56.617" level="INFO">Clicking element '//*[@title="Proceed to checkout"]'.</msg>
<status status="PASS" starttime="20220704 22:10:56.617" endtime="20220704 22:10:57.788"/>
</kw>
<kw name="Element Should Be Visible" library="SeleniumLibrary">
<arg>${cart_summary}</arg>
<doc>Verifies that the element identified by ``locator`` is visible.</doc>
<msg timestamp="20220704 22:10:57.815" level="INFO">Element '//*[@id="cart_title"]' is displayed.</msg>
<status status="PASS" starttime="20220704 22:10:57.788" endtime="20220704 22:10:57.815"/>
</kw>
<status status="PASS" starttime="20220704 22:10:54.810" endtime="20220704 22:10:57.815"/>
</kw>
<kw name="I am Proceed to Checkout Order from Cart Summary" library="Order">
<doc>I am Proceed to Checkout Order from Cart Summary</doc>
<kw name="Wait Until Element Is Visible" library="SeleniumLibrary">
<arg>${checkout_button}</arg>
<doc>Waits until the element ``locator`` is visible.</doc>
<status status="PASS" starttime="20220704 22:10:57.817" endtime="20220704 22:10:57.851"/>
</kw>
<kw name="Click Element" library="SeleniumLibrary">
<arg>${checkout_button}</arg>
<doc>Click the element identified by ``locator``.</doc>
<msg timestamp="20220704 22:10:57.852" level="INFO">Clicking element '//*[@class="button btn btn-default standard-checkout button-medium"]'.</msg>
<status status="PASS" starttime="20220704 22:10:57.851" endtime="20220704 22:11:01.384"/>
</kw>
<kw name="Element Should Be Visible" library="SeleniumLibrary">
<arg>${order_step}</arg>
<doc>Verifies that the element identified by ``locator`` is visible.</doc>
<msg timestamp="20220704 22:11:01.413" level="INFO">Element '//*[@id="order_step"]' is displayed.</msg>
<status status="PASS" starttime="20220704 22:11:01.384" endtime="20220704 22:11:01.413"/>
</kw>
<status status="PASS" starttime="20220704 22:10:57.816" endtime="20220704 22:11:01.414"/>
</kw>
<kw name="Input Email to Sign in" library="Order">
<arg>id_email=${email_address}</arg>
<doc>I am Input Email to Sign in</doc>
<kw name="Input Text" library="SeleniumLibrary">
<arg>${nama_email}</arg>
<arg>${id_email}</arg>
<doc>Types the given ``text`` into the text field identified by ``locator``.</doc>
<msg timestamp="20220704 22:11:01.416" level="INFO">Typing text 'membuatakunbaru@gmail.com' into text field '//*[@id="email"]'.</msg>
<status status="PASS" starttime="20220704 22:11:01.415" endtime="20220704 22:11:01.570"/>
</kw>
<status status="PASS" starttime="20220704 22:11:01.414" endtime="20220704 22:11:01.571"/>
</kw>
<kw name="Input Password Email" library="Order">
<arg>id_password=${password_email}</arg>
<doc>Keyword to Input password email</doc>
<kw name="Input Text" library="SeleniumLibrary">
<arg>${nama_password}</arg>
<arg>${id_password}</arg>
<doc>Types the given ``text`` into the text field identified by ``locator``.</doc>
<msg timestamp="20220704 22:11:01.573" level="INFO">Typing text 'inipassword' into text field '//*[@id="passwd"]'.</msg>
<status status="PASS" starttime="20220704 22:11:01.571" endtime="20220704 22:11:01.704"/>
</kw>
<status status="PASS" starttime="20220704 22:11:01.571" endtime="20220704 22:11:01.705"/>
</kw>
<kw name="Click Sign In Button" library="Order">
<doc>Keyword to click sign in button</doc>
<kw name="Click Element" library="SeleniumLibrary">
<arg>${signin_button}</arg>
<doc>Click the element identified by ``locator``.</doc>
<msg timestamp="20220704 22:11:01.707" level="INFO">Clicking element '//*[@id="SubmitLogin"]'.</msg>
<status status="PASS" starttime="20220704 22:11:01.706" endtime="20220704 22:11:05.704"/>
</kw>
<status status="PASS" starttime="20220704 22:11:01.706" endtime="20220704 22:11:05.704"/>
</kw>
<kw name="I am Select Delivery Address" library="Order">
<doc>I am Select Delivery Address</doc>
<kw name="Click Element" library="SeleniumLibrary">
<arg>${process_address}</arg>
<doc>Click the element identified by ``locator``.</doc>
<msg timestamp="20220704 22:11:05.706" level="INFO">Clicking element '//*[@name="processAddress"]'.</msg>
<status status="PASS" starttime="20220704 22:11:05.706" endtime="20220704 22:11:07.411"/>
</kw>
<status status="PASS" starttime="20220704 22:11:05.705" endtime="20220704 22:11:07.412"/>
</kw>
<kw name="I Choose a Shipping Option" library="Order">
<doc>I Choose a Shipping Option</doc>
<kw name="Click Element" library="SeleniumLibrary">
<arg>${checkbox}</arg>
<doc>Click the element identified by ``locator``.</doc>
<msg timestamp="20220704 22:11:07.415" level="INFO">Clicking element '//*[@class="checkbox"]'.</msg>
<status status="PASS" starttime="20220704 22:11:07.414" endtime="20220704 22:11:07.485"/>
</kw>
<kw name="Click Element" library="SeleniumLibrary">
<arg>${process_carrier}</arg>
<doc>Click the element identified by ``locator``.</doc>
<msg timestamp="20220704 22:11:07.486" level="INFO">Clicking element '//*[@name="processCarrier"]'.</msg>
<status status="PASS" starttime="20220704 22:11:07.486" endtime="20220704 22:11:08.980"/>
</kw>
<status status="PASS" starttime="20220704 22:11:07.413" endtime="20220704 22:11:08.980"/>
</kw>
<kw name="I Choose Payment Method" library="Order">
<doc>I Choose Payment Method</doc>
<kw name="Click Element" library="SeleniumLibrary">
<arg>${payment}</arg>
<doc>Click the element identified by ``locator``.</doc>
<msg timestamp="20220704 22:11:08.983" level="INFO">Clicking element '//*[@class="payment_module"]'.</msg>
<status status="PASS" starttime="20220704 22:11:08.983" endtime="20220704 22:11:10.524"/>
</kw>
<status status="PASS" starttime="20220704 22:11:08.982" endtime="20220704 22:11:10.524"/>
</kw>
<kw name="I Confirm My Order" library="Order">
<doc>I Confirm My Order</doc>
<kw name="Click Element" library="SeleniumLibrary">
<arg>${confirm_order}</arg>
<doc>Click the element identified by ``locator``.</doc>
<msg timestamp="20220704 22:11:10.526" level="INFO">Clicking element '//*[@class="button btn btn-default button-medium"]'.</msg>
<status status="PASS" starttime="20220704 22:11:10.526" endtime="20220704 22:11:13.427"/>
</kw>
<status status="PASS" starttime="20220704 22:11:10.525" endtime="20220704 22:11:13.427"/>
</kw>
<kw name="Close Browser" library="SeleniumLibrary" type="TEARDOWN">
<doc>Closes the current browser.</doc>
<status status="PASS" starttime="20220704 22:11:13.428" endtime="20220704 22:11:15.512"/>
</kw>
<doc>Test case to user should be able to purchase order</doc>
<status status="PASS" starttime="20220704 22:10:41.386" endtime="20220704 22:11:15.513"/>
</test>
<doc>Order test cases</doc>
<status status="PASS" starttime="20220704 22:10:40.975" endtime="20220704 22:11:15.515"/>
</suite>
<statistics>
<total>
<stat pass="1" fail="0" skip="0">All Tests</stat>
</total>
<tag>
</tag>
<suite>
<stat pass="1" fail="0" skip="0" id="s1" name="Order">Order</stat>
</suite>
</statistics>
<errors>
</errors>
</robot>
